2025-10-27 16:17:36 - ChronoCast - INFO - Started training run: run_20251027_161736
2025-10-27 16:17:36 - ChronoCast - INFO - Model: Random Forest
2025-10-27 16:17:36 - ChronoCast - INFO - Parameters: {
  "n_estimators": 100,
  "max_depth": 10
}
2025-10-27 16:17:36 - ChronoCast - INFO - Training data: 280 samples, 29 features
2025-10-27 16:17:37 - ChronoCast - INFO - Training completed in 0.46s
2025-10-27 16:17:37 - ChronoCast - INFO - Metrics: {
  "MSE": 604.2362271525765,
  "RMSE": 24.58121695833175,
  "MAE": 19.40914279420832,
  "MAPE": 10.633990900226486,
  "R\u00b2": 0.2984280534084601,
  "SMAPE": 10.501226986761981,
  "Bias": -1.2276559852064386
}
2025-10-27 16:17:37 - ChronoCast - INFO - Logged experiment: Random Forest
2025-10-27 16:17:37 - ChronoCast - INFO - Started training run: run_20251027_161737
2025-10-27 16:17:37 - ChronoCast - INFO - Model: XGBoost
2025-10-27 16:17:37 - ChronoCast - INFO - Parameters: {
  "n_estimators": 100,
  "learning_rate": 0.1
}
2025-10-27 16:17:37 - ChronoCast - INFO - Training data: 280 samples, 29 features
2025-10-27 16:17:37 - ChronoCast - INFO - Training completed in 0.20s
2025-10-27 16:17:37 - ChronoCast - INFO - Metrics: {
  "MSE": 759.4931602842395,
  "RMSE": 27.558903466651923,
  "MAE": 21.606063459904654,
  "MAPE": 11.35362475781382,
  "R\u00b2": 0.11816095934111137,
  "SMAPE": 11.63005138220103,
  "Bias": -6.754063607877297
}
2025-10-27 16:17:37 - ChronoCast - INFO - Logged experiment: XGBoost
2025-10-27 16:17:37 - ChronoCast - INFO - Started training run: run_20251027_161737
2025-10-27 16:17:37 - ChronoCast - INFO - Model: Gradient Boosting
2025-10-27 16:17:37 - ChronoCast - INFO - Parameters: {
  "n_estimators": 100,
  "learning_rate": 0.1
}
2025-10-27 16:17:37 - ChronoCast - INFO - Training data: 280 samples, 29 features
2025-10-27 16:17:38 - ChronoCast - INFO - Training completed in 0.43s
2025-10-27 16:17:38 - ChronoCast - INFO - Metrics: {
  "MSE": 644.6700399380544,
  "RMSE": 25.39035328501859,
  "MAE": 20.191156356919336,
  "MAPE": 10.540097994590107,
  "R\u00b2": 0.2514808041882265,
  "SMAPE": 10.89283452850077,
  "Bias": -9.464204204923007
}
2025-10-27 16:17:38 - ChronoCast - INFO - Logged experiment: Gradient Boosting
2025-10-27 16:18:00 - ChronoCast - INFO - Training history exported to: week2_training_history.json
2025-10-27 16:18:00 - ChronoCast - INFO - Report generated: week2_training_report.txt
